<?xml version="1.0" encoding="UTF-8"?>
<testsuite xmlns:xsi="http://www.w3.org/2001/XMLSchema-instance" xsi:noNamespaceSchemaLocation="https://maven.apache.org/surefire/maven-surefire-plugin/xsd/surefire-test-report.xsd" name="Graphs.GraphTest" time="0.012" tests="9" errors="0" skipped="0" failures="9">
  <properties>
[...]
</properties>
  <testcase name="shortestDistanceTest" classname="Graphs.GraphTest" time="0.001">
    <failure type="java.lang.AssertionError">java.lang.AssertionError
	at Graphs.GraphTest.shortestDistanceTest(GraphTest.java:60)
</failure>
  </testcase>
  <testcase name="minimumSpanningTreeTest" classname="Graphs.GraphTest" time="0">
    <failure type="java.lang.AssertionError">java.lang.AssertionError
	at Graphs.GraphTest.minimumSpanningTreeTest(GraphTest.java:66)
</failure>
  </testcase>
  <testcase name="addEdgesTest" classname="Graphs.GraphTest" time="0">
    <failure type="java.lang.AssertionError">java.lang.AssertionError
	at Graphs.GraphTest.addEdgesTest(GraphTest.java:30)
</failure>
  </testcase>
  <testcase name="addNodeTest" classname="Graphs.GraphTest" time="0">
    <failure type="java.lang.AssertionError">java.lang.AssertionError
	at Graphs.GraphTest.addNodeTest(GraphTest.java:18)
</failure>
  </testcase>
  <testcase name="printGraphTest" classname="Graphs.GraphTest" time="0">
    <failure type="java.lang.AssertionError">java.lang.AssertionError
	at Graphs.GraphTest.printGraphTest(GraphTest.java:48)
</failure>
  </testcase>
  <testcase name="addEdgeTest" classname="Graphs.GraphTest" time="0">
    <failure type="java.lang.AssertionError">java.lang.AssertionError
	at Graphs.GraphTest.addEdgeTest(GraphTest.java:24)
</failure>
  </testcase>
  <testcase name="removeEdge" classname="Graphs.GraphTest" time="0.001">
    <failure type="java.lang.AssertionError">java.lang.AssertionError
	at Graphs.GraphTest.removeEdge(GraphTest.java:42)
</failure>
  </testcase>
  <testcase name="removeNode" classname="Graphs.GraphTest" time="0">
    <failure type="java.lang.AssertionError">java.lang.AssertionError
	at Graphs.GraphTest.removeNode(GraphTest.java:36)
</failure>
  </testcase>
  <testcase name="createGraphTest" classname="Graphs.GraphTest" time="0">
    <failure type="java.lang.AssertionError">java.lang.AssertionError
	at Graphs.GraphTest.createGraphTest(GraphTest.java:54)
</failure>
  </testcase>
</testsuite>